#
# There is insufficient memory for the Java Runtime Environment to continue.
# Native memory allocation (malloc) failed to allocate 1948016 bytes. Error detail: Chunk::new
# Possible reasons:
#   The system is out of physical RAM or swap space
#   This process is running with CompressedOops enabled, and the Java Heap may be blocking the growth of the native heap
# Possible solutions:
#   Reduce memory load on the system
#   Increase physical memory or swap space
#   Check if swap backing store is full
#   Decrease Java heap size (-Xmx/-Xms)
#   Decrease number of Java threads
#   Decrease Java thread stack sizes (-Xss)
#   Set larger code cache with -XX:ReservedCodeCacheSize=
#   JVM is running with Zero Based Compressed Oops mode in which the Java heap is
#     placed in the first 32GB address space. The Java Heap base address is the
#     maximum limit for the native heap growth. Please use -XX:HeapBaseMinAddress
#     to set the Java Heap base and to place the Java Heap above 32GB virtual address.
# This output file may be truncated or incomplete.
#
#  Out of Memory Error (arena.cpp:150), pid=19268, tid=20340
#
# JRE version: Java(TM) SE Runtime Environment (22.0.2+9) (build 22.0.2+9-70)
# Java VM: Java HotSpot(TM) 64-Bit Server VM (22.0.2+9-70, mixed mode, sharing, tiered, compressed oops, compressed class ptrs, g1 gc, windows-amd64)
# No core dump will be written. Minidumps are not enabled by default on client versions of Windows
#

---------------  S U M M A R Y ------------

Command Line: -javaagent:D:\download\IntelliJ IDEA Community Edition 2024.1.4\lib\idea_rt.jar=53001:D:\download\IntelliJ IDEA Community Edition 2024.1.4\bin -Dfile.encoding=UTF-8 -Dsun.stdout.encoding=UTF-8 -Dsun.stderr.encoding=UTF-8 com.roommate.expensemanager.ExpensemanagerApplication

Host: AMD Ryzen 5 PRO 4650U with Radeon Graphics, 12 cores, 15G,  Windows 11 , 64 bit Build 22621 (10.0.22621.5124)
Time: Tue Apr 15 03:31:38 2025 India Standard Time elapsed time: 2.105559 seconds (0d 0h 0m 2s)

---------------  T H R E A D  ---------------

Current thread (0x000001ebefe002a0):  JavaThread "C2 CompilerThread0" daemon [_thread_in_native, id=20340, stack(0x0000008b05d00000,0x0000008b05e00000) (1024K)]


Current CompileTask:
C2:2105 2195       4       java.lang.invoke.MethodType::methodType (69 bytes)

Stack: [0x0000008b05d00000,0x0000008b05e00000]
Native frames: (J=compiled Java code, j=interpreted, Vv=VM code, C=native code)
V  [jvm.dll+0x6e26e9]  (no source info available)
V  [jvm.dll+0x875753]  (no source info available)
V  [jvm.dll+0x877b7e]  (no source info available)
V  [jvm.dll+0x878253]  (no source info available)
V  [jvm.dll+0x27fc86]  (no source info available)
V  [jvm.dll+0xc3d0f]  (no source info available)
V  [jvm.dll+0xc3f6b]  (no source info available)
V  [jvm.dll+0x3bb442]  (no source info available)
V  [jvm.dll+0x387d4b]  (no source info available)
V  [jvm.dll+0x3871ba]  (no source info available)
V  [jvm.dll+0x2477f8]  (no source info available)
V  [jvm.dll+0x246e9f]  (no source info available)
V  [jvm.dll+0x1c4e80]  (no source info available)
V  [jvm.dll+0x2568f3]  (no source info available)
V  [jvm.dll+0x254baa]  (no source info available)
V  [jvm.dll+0x3f57a6]  (no source info available)
V  [jvm.dll+0x81dc0b]  (no source info available)
V  [jvm.dll+0x6e0d85]  (no source info available)
C  [ucrtbase.dll+0x29333]  (no source info available)
C  [KERNEL32.DLL+0x1259d]  (no source info available)
C  [ntdll.dll+0x5af38]  (no source info available)


---------------  P R O C E S S  ---------------

Threads class SMR info:
_java_thread_list=0x000001ebc6041dd0, length=17, elements={
0x000001ebd0c159b0, 0x000001ebefde7df0, 0x000001ebefde8b10, 0x000001ebefdeb830,
0x000001ebefdec5f0, 0x000001ebefded050, 0x000001ebefdedab0, 0x000001ebefe002a0,
0x000001ebefe04040, 0x000001ebefdb2f40, 0x000001ebefe06250, 0x000001ebc5677160,
0x000001ebc561e820, 0x000001ebc5a04690, 0x000001ebc5a05020, 0x000001ebc5ee16f0,
0x000001ebefe076c0
}

Java Threads: ( => current thread )
  0x000001ebd0c159b0 JavaThread "main"                              [_thread_blocked, id=17096, stack(0x0000008b04f00000,0x0000008b05000000) (1024K)]
  0x000001ebefde7df0 JavaThread "Reference Handler"          daemon [_thread_blocked, id=17340, stack(0x0000008b05700000,0x0000008b05800000) (1024K)]
  0x000001ebefde8b10 JavaThread "Finalizer"                  daemon [_thread_blocked, id=14008, stack(0x0000008b05800000,0x0000008b05900000) (1024K)]
  0x000001ebefdeb830 JavaThread "Signal Dispatcher"          daemon [_thread_blocked, id=20496, stack(0x0000008b05900000,0x0000008b05a00000) (1024K)]
  0x000001ebefdec5f0 JavaThread "Attach Listener"            daemon [_thread_blocked, id=5960, stack(0x0000008b05a00000,0x0000008b05b00000) (1024K)]
  0x000001ebefded050 JavaThread "Service Thread"             daemon [_thread_blocked, id=20668, stack(0x0000008b05b00000,0x0000008b05c00000) (1024K)]
  0x000001ebefdedab0 JavaThread "Monitor Deflation Thread"   daemon [_thread_blocked, id=8408, stack(0x0000008b05c00000,0x0000008b05d00000) (1024K)]
=>0x000001ebefe002a0 JavaThread "C2 CompilerThread0"         daemon [_thread_in_native, id=20340, stack(0x0000008b05d00000,0x0000008b05e00000) (1024K)]
  0x000001ebefe04040 JavaThread "C1 CompilerThread0"         daemon [_thread_blocked, id=14072, stack(0x0000008b05e00000,0x0000008b05f00000) (1024K)]
  0x000001ebefdb2f40 JavaThread "Common-Cleaner"             daemon [_thread_blocked, id=7796, stack(0x0000008b05f00000,0x0000008b06000000) (1024K)]
  0x000001ebefe06250 JavaThread "C2 CompilerThread1"         daemon [_thread_in_native, id=20800, stack(0x0000008b06000000,0x0000008b06100000) (1024K)]
  0x000001ebc5677160 JavaThread "Monitor Ctrl-Break"         daemon [_thread_in_native, id=21352, stack(0x0000008b06100000,0x0000008b06200000) (1024K)]
  0x000001ebc561e820 JavaThread "Notification Thread"        daemon [_thread_blocked, id=15108, stack(0x0000008b06200000,0x0000008b06300000) (1024K)]
  0x000001ebc5a04690 JavaThread "Thread-0"                          [_thread_blocked, id=8628, stack(0x0000008b06300000,0x0000008b06400000) (1024K)]
  0x000001ebc5a05020 JavaThread "restartedMain"                     [_thread_in_native, id=20632, stack(0x0000008b06400000,0x0000008b06500000) (1024K)]
  0x000001ebc5ee16f0 JavaThread "background-preinit"                [_thread_in_vm, id=20372, stack(0x0000008b06a00000,0x0000008b06b00000) (1024K)]
  0x000001ebefe076c0 JavaThread "C2 CompilerThread2"         daemon [_thread_in_native, id=17348, stack(0x0000008b06b00000,0x0000008b06c00000) (1024K)]
Total: 17

Other Threads:
  0x000001ebefdcbaf0 VMThread "VM Thread"                           [id=21204, stack(0x0000008b05600000,0x0000008b05700000) (1024K)]
  0x000001ebefdb10c0 WatcherThread "VM Periodic Task Thread"        [id=12604, stack(0x0000008b05500000,0x0000008b05600000) (1024K)]
  0x000001ebd0c7b2d0 WorkerThread "GC Thread#0"                     [id=11232, stack(0x0000008b05000000,0x0000008b05100000) (1024K)]
  0x000001ebc5a34c80 WorkerThread "GC Thread#1"                     [id=5460, stack(0x0000008b06500000,0x0000008b06600000) (1024K)]
  0x000001ebc5a35030 WorkerThread "GC Thread#2"                     [id=2300, stack(0x0000008b06600000,0x0000008b06700000) (1024K)]
  0x000001ebc5a353e0 WorkerThread "GC Thread#3"                     [id=4088, stack(0x0000008b06700000,0x0000008b06800000) (1024K)]
  0x000001ebc5a35790 WorkerThread "GC Thread#4"                     [id=9296, stack(0x0000008b06800000,0x0000008b06900000) (1024K)]
  0x000001ebc5bc7000 WorkerThread "GC Thread#5"                     [id=12552, stack(0x0000008b06900000,0x0000008b06a00000) (1024K)]
  0x000001ebc6581bd0 WorkerThread "GC Thread#6"                     [id=2020, stack(0x0000008b06c00000,0x0000008b06d00000) (1024K)]
  0x000001ebc666a770 WorkerThread "GC Thread#7"                     [id=3324, stack(0x0000008b06d00000,0x0000008b06e00000) (1024K)]
  0x000001ebc61df370 WorkerThread "GC Thread#8"                     [id=18372, stack(0x0000008b06e00000,0x0000008b06f00000) (1024K)]
  0x000001ebc62ad680 WorkerThread "GC Thread#9"                     [id=11700, stack(0x0000008b06f00000,0x0000008b07000000) (1024K)]
  0x000001ebd0c8b9c0 ConcurrentGCThread "G1 Main Marker"            [id=18164, stack(0x0000008b05100000,0x0000008b05200000) (1024K)]
  0x000001ebd0c8c4d0 WorkerThread "G1 Conc#0"                       [id=348, stack(0x0000008b05200000,0x0000008b05300000) (1024K)]
  0x000001ebefc85600 ConcurrentGCThread "G1 Refine#0"               [id=3396, stack(0x0000008b05300000,0x0000008b05400000) (1024K)]
  0x000001ebefc85e30 ConcurrentGCThread "G1 Service"                [id=5904, stack(0x0000008b05400000,0x0000008b05500000) (1024K)]
Total: 16

Threads with active compile tasks:
C2 CompilerThread0  2207 2195       4       java.lang.invoke.MethodType::methodType (69 bytes)
C2 CompilerThread1  2207 2545       4       jdk.internal.loader.BuiltinClassLoader::findLoadedModule (33 bytes)
C2 CompilerThread2  2207 2155       4       java.lang.invoke.MethodType::makeImpl (109 bytes)
Total: 3

VM state: not at safepoint (normal execution)

VM Mutex/Monitor currently owned by a thread: None

Heap address: 0x000000070aa00000, size: 3926 MB, Compressed Oops mode: Zero based, Oop shift amount: 3

CDS archive(s) mapped at: [0x000001eb80000000-0x000001eb80c60000-0x000001eb80c60000), size 12976128, SharedBaseAddress: 0x000001eb80000000, ArchiveRelocationMode: 1.
Compressed class space mapped at: 0x000001eb81000000-0x000001ebc1000000, reserved size: 1073741824
Narrow klass base: 0x000001eb80000000, Narrow klass shift: 0, Narrow klass range: 0x41000000

GC Precious Log:
 CardTable entry size: 512
 Card Set container configuration: InlinePtr #cards 4 size 8 Array Of Cards #cards 16 size 48 Howl #buckets 8 coarsen threshold 3686 Howl Bitmap #cards 512 size 80 coarsen threshold 460 Card regions per heap region 1 cards per card region 4096
 CPUs: 12 total, 12 available
 Memory: 15697M
 Large Page Support: Disabled
 NUMA Support: Disabled
 Compressed Oops: Enabled (Zero based)
 Heap Region Size: 2M
 Heap Min Capacity: 8M
 Heap Initial Capacity: 246M
 Heap Max Capacity: 3926M
 Pre-touch: Disabled
 Parallel Workers: 10
 Concurrent Workers: 3
 Concurrent Refinement Workers: 10
 Periodic GC: Disabled

Heap:
 garbage-first heap   total reserved 4020224K, committed 251904K, used 32655K [0x000000070aa00000, 0x0000000800000000)
  region size 2048K, 15 young (30720K), 2 survivors (4096K)
 Metaspace       used 20340K, committed 20608K, reserved 1114112K
  class space    used 2577K, committed 2688K, reserved 1048576K

Heap Regions: E=young(eden), S=young(survivor), O=old, HS=humongous(starts), HC=humongous(continues), CS=collection set, F=free, TAMS=top-at-mark-start, PB=parsable bottom
|   0|0x000000070aa00000, 0x000000070ac00000, 0x000000070ac00000|100%| O|  |TAMS 0x000000070aa00000| PB 0x000000070aa00000| Untracked |  0
|   1|0x000000070ac00000, 0x000000070ae00000, 0x000000070ae00000|100%| O|  |TAMS 0x000000070ac00000| PB 0x000000070ac00000| Untracked |  0
|   2|0x000000070ae00000, 0x000000070b000000, 0x000000070b000000|100%| O|  |TAMS 0x000000070ae00000| PB 0x000000070ae00000| Untracked |  0
|   3|0x000000070b000000, 0x000000070b0bcd40, 0x000000070b200000| 36%| O|  |TAMS 0x000000070b000000| PB 0x000000070b000000| Untracked |  0
|   4|0x000000070b200000, 0x000000070b200000, 0x000000070b400000|  0%| F|  |TAMS 0x000000070b200000| PB 0x000000070b200000| Untracked |  0
|   5|0x000000070b400000, 0x000000070b400000, 0x000000070b600000|  0%| F|  |TAMS 0x000000070b400000| PB 0x000000070b400000| Untracked |  0
|   6|0x000000070b600000, 0x000000070b600000, 0x000000070b800000|  0%| F|  |TAMS 0x000000070b600000| PB 0x000000070b600000| Untracked |  0
|   7|0x000000070b800000, 0x000000070b800000, 0x000000070ba00000|  0%| F|  |TAMS 0x000000070b800000| PB 0x000000070b800000| Untracked |  0
|   8|0x000000070ba00000, 0x000000070ba00000, 0x000000070bc00000|  0%| F|  |TAMS 0x000000070ba00000| PB 0x000000070ba00000| Untracked |  0
|   9|0x000000070bc00000, 0x000000070bc00000, 0x000000070be00000|  0%| F|  |TAMS 0x000000070bc00000| PB 0x000000070bc00000| Untracked |  0
|  10|0x000000070be00000, 0x000000070be00000, 0x000000070c000000|  0%| F|  |TAMS 0x000000070be00000| PB 0x000000070be00000| Untracked |  0
|  11|0x000000070c000000, 0x000000070c000000, 0x000000070c200000|  0%| F|  |TAMS 0x000000070c000000| PB 0x000000070c000000| Untracked |  0
|  12|0x000000070c200000, 0x000000070c200000, 0x000000070c400000|  0%| F|  |TAMS 0x000000070c200000| PB 0x000000070c200000| Untracked |  0
|  13|0x000000070c400000, 0x000000070c400000, 0x000000070c600000|  0%| F|  |TAMS 0x000000070c400000| PB 0x000000070c400000| Untracked |  0
|  14|0x000000070c600000, 0x000000070c600000, 0x000000070c800000|  0%| F|  |TAMS 0x000000070c600000| PB 0x000000070c600000| Untracked |  0
|  15|0x000000070c800000, 0x000000070c800000, 0x000000070ca00000|  0%| F|  |TAMS 0x000000070c800000| PB 0x000000070c800000| Untracked |  0
|  16|0x000000070ca00000, 0x000000070ca00000, 0x000000070cc00000|  0%| F|  |TAMS 0x000000070ca00000| PB 0x000000070ca00000| Untracked |  0
|  17|0x000000070cc00000, 0x000000070cc00000, 0x000000070ce00000|  0%| F|  |TAMS 0x000000070cc00000| PB 0x000000070cc00000| Untracked |  0
|  18|0x000000070ce00000, 0x000000070ce00000, 0x000000070d000000|  0%| F|  |TAMS 0x000000070ce00000| PB 0x000000070ce00000| Untracked |  0
|  19|0x000000070d000000, 0x000000070d000000, 0x000000070d200000|  0%| F|  |TAMS 0x000000070d000000| PB 0x000000070d000000| Untracked |  0
|  20|0x000000070d200000, 0x000000070d200000, 0x000000070d400000|  0%| F|  |TAMS 0x000000070d200000| PB 0x000000070d200000| Untracked |  0
|  21|0x000000070d400000, 0x000000070d400000, 0x000000070d600000|  0%| F|  |TAMS 0x000000070d400000| PB 0x000000070d400000| Untracked |  0
|  22|0x000000070d600000, 0x000000070d600000, 0x000000070d800000|  0%| F|  |TAMS 0x000000070d600000| PB 0x000000070d600000| Untracked |  0
|  23|0x000000070d800000, 0x000000070d800000, 0x000000070da00000|  0%| F|  |TAMS 0x000000070d800000| PB 0x000000070d800000| Untracked |  0
|  24|0x000000070da00000, 0x000000070da00000, 0x000000070dc00000|  0%| F|  |TAMS 0x000000070da00000| PB 0x000000070da00000| Untracked |  0
|  25|0x000000070dc00000, 0x000000070dc00000, 0x000000070de00000|  0%| F|  |TAMS 0x000000070dc00000| PB 0x000000070dc00000| Untracked |  0
|  26|0x000000070de00000, 0x000000070de00000, 0x000000070e000000|  0%| F|  |TAMS 0x000000070de00000| PB 0x000000070de00000| Untracked |  0
|  27|0x000000070e000000, 0x000000070e000000, 0x000000070e200000|  0%| F|  |TAMS 0x000000070e000000| PB 0x000000070e000000| Untracked |  0
|  28|0x000000070e200000, 0x000000070e200000, 0x000000070e400000|  0%| F|  |TAMS 0x000000070e200000| PB 0x000000070e200000| Untracked |  0
|  29|0x000000070e400000, 0x000000070e400000, 0x000000070e600000|  0%| F|  |TAMS 0x000000070e400000| PB 0x000000070e400000| Untracked |  0
|  30|0x000000070e600000, 0x000000070e600000, 0x000000070e800000|  0%| F|  |TAMS 0x000000070e600000| PB 0x000000070e600000| Untracked |  0
|  31|0x000000070e800000, 0x000000070e800000, 0x000000070ea00000|  0%| F|  |TAMS 0x000000070e800000| PB 0x000000070e800000| Untracked |  0
|  32|0x000000070ea00000, 0x000000070ea00000, 0x000000070ec00000|  0%| F|  |TAMS 0x000000070ea00000| PB 0x000000070ea00000| Untracked |  0
|  33|0x000000070ec00000, 0x000000070ec00000, 0x000000070ee00000|  0%| F|  |TAMS 0x000000070ec00000| PB 0x000000070ec00000| Untracked |  0
|  34|0x000000070ee00000, 0x000000070ee00000, 0x000000070f000000|  0%| F|  |TAMS 0x000000070ee00000| PB 0x000000070ee00000| Untracked |  0
|  35|0x000000070f000000, 0x000000070f000000, 0x000000070f200000|  0%| F|  |TAMS 0x000000070f000000| PB 0x000000070f000000| Untracked |  0
|  36|0x000000070f200000, 0x000000070f200000, 0x000000070f400000|  0%| F|  |TAMS 0x000000070f200000| PB 0x000000070f200000| Untracked |  0
|  37|0x000000070f400000, 0x000000070f400000, 0x000000070f600000|  0%| F|  |TAMS 0x000000070f400000| PB 0x000000070f400000| Untracked |  0
|  38|0x000000070f600000, 0x000000070f600000, 0x000000070f800000|  0%| F|  |TAMS 0x000000070f600000| PB 0x000000070f600000| Untracked |  0
|  39|0x000000070f800000, 0x000000070f800000, 0x000000070fa00000|  0%| F|  |TAMS 0x000000070f800000| PB 0x000000070f800000| Untracked |  0
|  40|0x000000070fa00000, 0x000000070fa00000, 0x000000070fc00000|  0%| F|  |TAMS 0x000000070fa00000| PB 0x000000070fa00000| Untracked |  0
|  41|0x000000070fc00000, 0x000000070fc00000, 0x000000070fe00000|  0%| F|  |TAMS 0x000000070fc00000| PB 0x000000070fc00000| Untracked |  0
|  42|0x000000070fe00000, 0x000000070fe00000, 0x0000000710000000|  0%| F|  |TAMS 0x000000070fe00000| PB 0x000000070fe00000| Untracked |  0
|  43|0x0000000710000000, 0x0000000710000000, 0x0000000710200000|  0%| F|  |TAMS 0x0000000710000000| PB 0x0000000710000000| Untracked |  0
|  44|0x0000000710200000, 0x0000000710200000, 0x0000000710400000|  0%| F|  |TAMS 0x0000000710200000| PB 0x0000000710200000| Untracked |  0
|  45|0x0000000710400000, 0x0000000710400000, 0x0000000710600000|  0%| F|  |TAMS 0x0000000710400000| PB 0x0000000710400000| Untracked |  0
|  46|0x0000000710600000, 0x0000000710600000, 0x0000000710800000|  0%| F|  |TAMS 0x0000000710600000| PB 0x0000000710600000| Untracked |  0
|  47|0x0000000710800000, 0x0000000710800000, 0x0000000710a00000|  0%| F|  |TAMS 0x0000000710800000| PB 0x0000000710800000| Untracked |  0
|  48|0x0000000710a00000, 0x0000000710a00000, 0x0000000710c00000|  0%| F|  |TAMS 0x0000000710a00000| PB 0x0000000710a00000| Untracked |  0
|  49|0x0000000710c00000, 0x0000000710c00000, 0x0000000710e00000|  0%| F|  |TAMS 0x0000000710c00000| PB 0x0000000710c00000| Untracked |  0
|  50|0x0000000710e00000, 0x0000000710e00000, 0x0000000711000000|  0%| F|  |TAMS 0x0000000710e00000| PB 0x0000000710e00000| Untracked |  0
|  51|0x0000000711000000, 0x0000000711000000, 0x0000000711200000|  0%| F|  |TAMS 0x0000000711000000| PB 0x0000000711000000| Untracked |  0
|  52|0x0000000711200000, 0x0000000711200000, 0x0000000711400000|  0%| F|  |TAMS 0x0000000711200000| PB 0x0000000711200000| Untracked |  0
|  53|0x0000000711400000, 0x0000000711400000, 0x0000000711600000|  0%| F|  |TAMS 0x0000000711400000| PB 0x0000000711400000| Untracked |  0
|  54|0x0000000711600000, 0x0000000711600000, 0x0000000711800000|  0%| F|  |TAMS 0x0000000711600000| PB 0x0000000711600000| Untracked |  0
|  55|0x0000000711800000, 0x0000000711800000, 0x0000000711a00000|  0%| F|  |TAMS 0x0000000711800000| PB 0x0000000711800000| Untracked |  0
|  56|0x0000000711a00000, 0x0000000711a00000, 0x0000000711c00000|  0%| F|  |TAMS 0x0000000711a00000| PB 0x0000000711a00000| Untracked |  0
|  57|0x0000000711c00000, 0x0000000711c00000, 0x0000000711e00000|  0%| F|  |TAMS 0x0000000711c00000| PB 0x0000000711c00000| Untracked |  0
|  58|0x0000000711e00000, 0x0000000711e00000, 0x0000000712000000|  0%| F|  |TAMS 0x0000000711e00000| PB 0x0000000711e00000| Untracked |  0
|  59|0x0000000712000000, 0x0000000712000000, 0x0000000712200000|  0%| F|  |TAMS 0x0000000712000000| PB 0x0000000712000000| Untracked |  0
|  60|0x0000000712200000, 0x0000000712200000, 0x0000000712400000|  0%| F|  |TAMS 0x0000000712200000| PB 0x0000000712200000| Untracked |  0
|  61|0x0000000712400000, 0x0000000712400000, 0x0000000712600000|  0%| F|  |TAMS 0x0000000712400000| PB 0x0000000712400000| Untracked |  0
|  62|0x0000000712600000, 0x0000000712600000, 0x0000000712800000|  0%| F|  |TAMS 0x0000000712600000| PB 0x0000000712600000| Untracked |  0
|  63|0x0000000712800000, 0x0000000712800000, 0x0000000712a00000|  0%| F|  |TAMS 0x0000000712800000| PB 0x0000000712800000| Untracked |  0
|  64|0x0000000712a00000, 0x0000000712a00000, 0x0000000712c00000|  0%| F|  |TAMS 0x0000000712a00000| PB 0x0000000712a00000| Untracked |  0
|  65|0x0000000712c00000, 0x0000000712c00000, 0x0000000712e00000|  0%| F|  |TAMS 0x0000000712c00000| PB 0x0000000712c00000| Untracked |  0
|  66|0x0000000712e00000, 0x0000000712e00000, 0x0000000713000000|  0%| F|  |TAMS 0x0000000712e00000| PB 0x0000000712e00000| Untracked |  0
|  67|0x0000000713000000, 0x0000000713000000, 0x0000000713200000|  0%| F|  |TAMS 0x0000000713000000| PB 0x0000000713000000| Untracked |  0
|  68|0x0000000713200000, 0x0000000713200000, 0x0000000713400000|  0%| F|  |TAMS 0x0000000713200000| PB 0x0000000713200000| Untracked |  0
|  69|0x0000000713400000, 0x0000000713400000, 0x0000000713600000|  0%| F|  |TAMS 0x0000000713400000| PB 0x0000000713400000| Untracked |  0
|  70|0x0000000713600000, 0x0000000713600000, 0x0000000713800000|  0%| F|  |TAMS 0x0000000713600000| PB 0x0000000713600000| Untracked |  0
|  71|0x0000000713800000, 0x0000000713800000, 0x0000000713a00000|  0%| F|  |TAMS 0x0000000713800000| PB 0x0000000713800000| Untracked |  0
|  72|0x0000000713a00000, 0x0000000713a00000, 0x0000000713c00000|  0%| F|  |TAMS 0x0000000713a00000| PB 0x0000000713a00000| Untracked |  0
|  73|0x0000000713c00000, 0x0000000713c00000, 0x0000000713e00000|  0%| F|  |TAMS 0x0000000713c00000| PB 0x0000000713c00000| Untracked |  0
|  74|0x0000000713e00000, 0x0000000713e00000, 0x0000000714000000|  0%| F|  |TAMS 0x0000000713e00000| PB 0x0000000713e00000| Untracked |  0
|  75|0x0000000714000000, 0x0000000714000000, 0x0000000714200000|  0%| F|  |TAMS 0x0000000714000000| PB 0x0000000714000000| Untracked |  0
|  76|0x0000000714200000, 0x0000000714200000, 0x0000000714400000|  0%| F|  |TAMS 0x0000000714200000| PB 0x0000000714200000| Untracked |  0
|  77|0x0000000714400000, 0x0000000714400000, 0x0000000714600000|  0%| F|  |TAMS 0x0000000714400000| PB 0x0000000714400000| Untracked |  0
|  78|0x0000000714600000, 0x0000000714600000, 0x0000000714800000|  0%| F|  |TAMS 0x0000000714600000| PB 0x0000000714600000| Untracked |  0
|  79|0x0000000714800000, 0x0000000714800000, 0x0000000714a00000|  0%| F|  |TAMS 0x0000000714800000| PB 0x0000000714800000| Untracked |  0
|  80|0x0000000714a00000, 0x0000000714a00000, 0x0000000714c00000|  0%| F|  |TAMS 0x0000000714a00000| PB 0x0000000714a00000| Untracked |  0
|  81|0x0000000714c00000, 0x0000000714c00000, 0x0000000714e00000|  0%| F|  |TAMS 0x0000000714c00000| PB 0x0000000714c00000| Untracked |  0
|  82|0x0000000714e00000, 0x0000000714e00000, 0x0000000715000000|  0%| F|  |TAMS 0x0000000714e00000| PB 0x0000000714e00000| Untracked |  0
|  83|0x0000000715000000, 0x0000000715000000, 0x0000000715200000|  0%| F|  |TAMS 0x0000000715000000| PB 0x0000000715000000| Untracked |  0
|  84|0x0000000715200000, 0x0000000715200000, 0x0000000715400000|  0%| F|  |TAMS 0x0000000715200000| PB 0x0000000715200000| Untracked |  0
|  85|0x0000000715400000, 0x0000000715400000, 0x0000000715600000|  0%| F|  |TAMS 0x0000000715400000| PB 0x0000000715400000| Untracked |  0
|  86|0x0000000715600000, 0x0000000715600000, 0x0000000715800000|  0%| F|  |TAMS 0x0000000715600000| PB 0x0000000715600000| Untracked |  0
|  87|0x0000000715800000, 0x0000000715800000, 0x0000000715a00000|  0%| F|  |TAMS 0x0000000715800000| PB 0x0000000715800000| Untracked |  0
|  88|0x0000000715a00000, 0x0000000715a00000, 0x0000000715c00000|  0%| F|  |TAMS 0x0000000715a00000| PB 0x0000000715a00000| Untracked |  0
|  89|0x0000000715c00000, 0x0000000715c00000, 0x0000000715e00000|  0%| F|  |TAMS 0x0000000715c00000| PB 0x0000000715c00000| Untracked |  0
|  90|0x0000000715e00000, 0x0000000715e00000, 0x0000000716000000|  0%| F|  |TAMS 0x0000000715e00000| PB 0x0000000715e00000| Untracked |  0
|  91|0x0000000716000000, 0x0000000716000000, 0x0000000716200000|  0%| F|  |TAMS 0x0000000716000000| PB 0x0000000716000000| Untracked |  0
|  92|0x0000000716200000, 0x0000000716200000, 0x0000000716400000|  0%| F|  |TAMS 0x0000000716200000| PB 0x0000000716200000| Untracked |  0
|  93|0x0000000716400000, 0x0000000716400000, 0x0000000716600000|  0%| F|  |TAMS 0x0000000716400000| PB 0x0000000716400000| Untracked |  0
|  94|0x0000000716600000, 0x0000000716600000, 0x0000000716800000|  0%| F|  |TAMS 0x0000000716600000| PB 0x0000000716600000| Untracked |  0
|  95|0x0000000716800000, 0x0000000716800000, 0x0000000716a00000|  0%| F|  |TAMS 0x0000000716800000| PB 0x0000000716800000| Untracked |  0
|  96|0x0000000716a00000, 0x0000000716a00000, 0x0000000716c00000|  0%| F|  |TAMS 0x0000000716a00000| PB 0x0000000716a00000| Untracked |  0
|  97|0x0000000716c00000, 0x0000000716c00000, 0x0000000716e00000|  0%| F|  |TAMS 0x0000000716c00000| PB 0x0000000716c00000| Untracked |  0
|  98|0x0000000716e00000, 0x0000000716e00000, 0x0000000717000000|  0%| F|  |TAMS 0x0000000716e00000| PB 0x0000000716e00000| Untracked |  0
|  99|0x0000000717000000, 0x0000000717000000, 0x0000000717200000|  0%| F|  |TAMS 0x0000000717000000| PB 0x0000000717000000| Untracked |  0
| 100|0x0000000717200000, 0x0000000717200000, 0x0000000717400000|  0%| F|  |TAMS 0x0000000717200000| PB 0x0000000717200000| Untracked |  0
| 101|0x0000000717400000, 0x0000000717400000, 0x0000000717600000|  0%| F|  |TAMS 0x0000000717400000| PB 0x0000000717400000| Untracked |  0
| 102|0x0000000717600000, 0x0000000717600000, 0x0000000717800000|  0%| F|  |TAMS 0x0000000717600000| PB 0x0000000717600000| Untracked |  0
| 103|0x0000000717800000, 0x0000000717926f00, 0x0000000717a00000| 57%| S|CS|TAMS 0x0000000717800000| PB 0x0000000717800000| Complete |  0
| 104|0x0000000717a00000, 0x0000000717c00000, 0x0000000717c00000|100%| S|CS|TAMS 0x0000000717a00000| PB 0x0000000717a00000| Complete |  0
| 105|0x0000000717c00000, 0x0000000717c00000, 0x0000000717e00000|  0%| F|  |TAMS 0x0000000717c00000| PB 0x0000000717c00000| Untracked |  0
| 106|0x0000000717e00000, 0x0000000717e00000, 0x0000000718000000|  0%| F|  |TAMS 0x0000000717e00000| PB 0x0000000717e00000| Untracked |  0
| 107|0x0000000718000000, 0x0000000718000000, 0x0000000718200000|  0%| F|  |TAMS 0x0000000718000000| PB 0x0000000718000000| Untracked |  0
| 108|0x0000000718200000, 0x0000000718200000, 0x0000000718400000|  0%| F|  |TAMS 0x0000000718200000| PB 0x0000000718200000| Untracked |  0
| 109|0x0000000718400000, 0x0000000718400000, 0x0000000718600000|  0%| F|  |TAMS 0x0000000718400000| PB 0x0000000718400000| Untracked |  0
| 110|0x0000000718600000, 0x00000007186f34c8, 0x0000000718800000| 47%| E|  |TAMS 0x0000000718600000| PB 0x0000000718600000| Complete |  0
| 111|0x0000000718800000, 0x0000000718a00000, 0x0000000718a00000|100%| E|CS|TAMS 0x0000000718800000| PB 0x0000000718800000| Complete |  0
| 112|0x0000000718a00000, 0x0000000718c00000, 0x0000000718c00000|100%| E|CS|TAMS 0x0000000718a00000| PB 0x0000000718a00000| Complete |  0
| 113|0x0000000718c00000, 0x0000000718e00000, 0x0000000718e00000|100%| E|  |TAMS 0x0000000718c00000| PB 0x0000000718c00000| Complete |  0
| 114|0x0000000718e00000, 0x0000000719000000, 0x0000000719000000|100%| E|CS|TAMS 0x0000000718e00000| PB 0x0000000718e00000| Complete |  0
| 115|0x0000000719000000, 0x0000000719200000, 0x0000000719200000|100%| E|CS|TAMS 0x0000000719000000| PB 0x0000000719000000| Complete |  0
| 116|0x0000000719200000, 0x0000000719400000, 0x0000000719400000|100%| E|CS|TAMS 0x0000000719200000| PB 0x0000000719200000| Complete |  0
| 117|0x0000000719400000, 0x0000000719600000, 0x0000000719600000|100%| E|CS|TAMS 0x0000000719400000| PB 0x0000000719400000| Complete |  0
| 118|0x0000000719600000, 0x0000000719800000, 0x0000000719800000|100%| E|CS|TAMS 0x0000000719600000| PB 0x0000000719600000| Complete |  0
| 119|0x0000000719800000, 0x0000000719a00000, 0x0000000719a00000|100%| E|CS|TAMS 0x0000000719800000| PB 0x0000000719800000| Complete |  0
| 120|0x0000000719a00000, 0x0000000719c00000, 0x0000000719c00000|100%| E|CS|TAMS 0x0000000719a00000| PB 0x0000000719a00000| Complete |  0
| 121|0x0000000719c00000, 0x0000000719e00000, 0x0000000719e00000|100%| E|CS|TAMS 0x0000000719c00000| PB 0x0000000719c00000| Complete |  0
| 122|0x0000000719e00000, 0x000000071a000000, 0x000000071a000000|100%| E|CS|TAMS 0x0000000719e00000| PB 0x0000000719e00000| Complete |  0

Card table byte_map: [0x000001ebe8c60000,0x000001ebe9410000] _byte_map_base: 0x000001ebe540b000

Marking Bits: (CMBitMap*) 0x000001ebd0c7b9e0
 Bits: [0x000001ebe9410000, 0x000001ebed168000)

Polling page: 0x000001ebcebc0000

Metaspace:

Usage:
  Non-class:     17.41 MB used.
      Class:      2.53 MB used.
       Both:     19.94 MB used.

Virtual space:
  Non-class space:       64.00 MB reserved,      17.56 MB ( 27%) committed,  1 nodes.
      Class space:        1.00 GB reserved,       2.69 MB ( <1%) committed,  1 nodes.
             Both:        1.06 GB reserved,      20.25 MB (  2%) committed. 

Chunk freelists:
   Non-Class:  13.84 MB
       Class:  13.23 MB
        Both:  27.08 MB

MaxMetaspaceSize: unlimited
CompressedClassSpaceSize: 1.00 GB
Initial GC threshold: 21.00 MB
Current GC threshold: 21.00 MB
CDS: on
 - commit_granule_bytes: 65536.
 - commit_granule_words: 8192.
 - virtual_space_node_default_size: 8388608.
 - enlarge_chunks_in_place: 1.
 - use_allocation_guard: 0.


Internal statistics:

num_allocs_failed_limit: 0.
num_arena_births: 316.
num_arena_deaths: 0.
num_vsnodes_births: 2.
num_vsnodes_deaths: 0.
num_space_committed: 324.
num_space_uncommitted: 0.
num_chunks_returned_to_freelist: 0.
num_chunks_taken_from_freelist: 974.
num_chunk_merges: 0.
num_chunk_splits: 642.
num_chunks_enlarged: 453.
num_inconsistent_stats: 0.

CodeHeap 'non-profiled nmethods': size=120000Kb used=957Kb max_used=957Kb free=119042Kb
 bounds [0x000001ebe0a30000, 0x000001ebe0ca0000, 0x000001ebe7f60000]
CodeHeap 'profiled nmethods': size=120000Kb used=4754Kb max_used=4754Kb free=115245Kb
 bounds [0x000001ebd8f60000, 0x000001ebd9410000, 0x000001ebe0490000]
CodeHeap 'non-nmethods': size=5760Kb used=1463Kb max_used=1481Kb free=4296Kb
 bounds [0x000001ebe0490000, 0x000001ebe0700000, 0x000001ebe0a30000]
 total_blobs=3088 nmethods=2546 adapters=446
 compilation: enabled
              stopped_count=0, restarted_count=0
 full_count=0

Compilation events (20 events):
Event: 2.091 Thread 0x000001ebefe04040 nmethod 2376 0x000001ebd93a1490 code [0x000001ebd93a1800, 0x000001ebd93a3118]
Event: 2.091 Thread 0x000001ebefe04040 2377       3       sun.reflect.generics.parser.SignatureParser::parseTypeSig (10 bytes)
Event: 2.091 Thread 0x000001ebefe04040 nmethod 2377 0x000001ebd93a3910 code [0x000001ebd93a3ac0, 0x000001ebd93a3cc8]
Event: 2.092 Thread 0x000001ebefe04040 2378       3       sun.reflect.annotation.AnnotationParser::toClass (30 bytes)
Event: 2.092 Thread 0x000001ebefe04040 nmethod 2378 0x000001ebd93a3d90 code [0x000001ebd93a4020, 0x000001ebd93a4d70]
Event: 2.093 Thread 0x000001ebefe04040 2379       3       org.springframework.core.annotation.AttributeMethods::forAnnotationType (26 bytes)
Event: 2.093 Thread 0x000001ebefe04040 nmethod 2379 0x000001ebd93a5110 code [0x000001ebd93a52e0, 0x000001ebd93a5720]
Event: 2.093 Thread 0x000001ebefe04040 2380       3       java.lang.ClassLoader::createOrGetClassLoaderValueMap (37 bytes)
Event: 2.093 Thread 0x000001ebefe04040 nmethod 2380 0x000001ebd93a5890 code [0x000001ebd93a5a60, 0x000001ebd93a5dd0]
Event: 2.094 Thread 0x000001ebefe04040 2381       1       org.springframework.core.type.classreading.SimpleAnnotationMetadata::getAnnotations (5 bytes)
Event: 2.095 Thread 0x000001ebefe04040 nmethod 2381 0x000001ebe0b10090 code [0x000001ebe0b10220, 0x000001ebe0b102f0]
Event: 2.095 Thread 0x000001ebefe04040 2382       3       jdk.internal.misc.Unsafe::checkNativeAddress (28 bytes)
Event: 2.095 Thread 0x000001ebefe04040 nmethod 2382 0x000001ebd93a5f10 code [0x000001ebd93a60a0, 0x000001ebd93a61b8]
Event: 2.096 Thread 0x000001ebefe04040 2383       3       org.springframework.asm.Type::getTypeInternal (205 bytes)
Event: 2.097 Thread 0x000001ebefe04040 nmethod 2383 0x000001ebd93a6290 code [0x000001ebd93a6580, 0x000001ebd93a7478]
Event: 2.097 Thread 0x000001ebefe04040 2385       3       java.lang.Character::isJavaIdentifierPart (5 bytes)
Event: 2.097 Thread 0x000001ebefe04040 nmethod 2385 0x000001ebd93a7910 code [0x000001ebd93a7ac0, 0x000001ebd93a7d18]
Event: 2.098 Thread 0x000001ebefe04040 2386       3       sun.reflect.generics.parser.SignatureParser::parseTypeSignature (130 bytes)
Event: 2.098 Thread 0x000001ebefe04040 nmethod 2386 0x000001ebd93a7e10 code [0x000001ebd93a7fe0, 0x000001ebd93a8440]
Event: 2.098 Thread 0x000001ebefe04040 2387   !   3       sun.reflect.annotation.AnnotationParser::parseAnnotation2 (275 bytes)

GC Heap History (4 events):
Event: 0.931 GC heap before
{Heap before GC invocations=0 (full 0):
 garbage-first heap   total reserved 4020224K, committed 251904K, used 22528K [0x000000070aa00000, 0x0000000800000000)
  region size 2048K, 12 young (24576K), 0 survivors (0K)
 Metaspace       used 5003K, committed 5184K, reserved 1114112K
  class space    used 577K, committed 640K, reserved 1048576K
}
Event: 0.936 GC heap after
{Heap after GC invocations=1 (full 0):
 garbage-first heap   total reserved 4020224K, committed 251904K, used 6863K [0x000000070aa00000, 0x0000000800000000)
  region size 2048K, 2 young (4096K), 2 survivors (4096K)
 Metaspace       used 5003K, committed 5184K, reserved 1114112K
  class space    used 577K, committed 640K, reserved 1048576K
}
Event: 1.790 GC heap before
{Heap before GC invocations=1 (full 0):
 garbage-first heap   total reserved 4020224K, committed 251904K, used 37583K [0x000000070aa00000, 0x0000000800000000)
  region size 2048K, 18 young (36864K), 2 survivors (4096K)
 Metaspace       used 13596K, committed 13952K, reserved 1114112K
  class space    used 1820K, committed 1984K, reserved 1048576K
}
Event: 1.796 GC heap after
{Heap after GC invocations=2 (full 0):
 garbage-first heap   total reserved 4020224K, committed 251904K, used 10127K [0x000000070aa00000, 0x0000000800000000)
  region size 2048K, 2 young (4096K), 2 survivors (4096K)
 Metaspace       used 13596K, committed 13952K, reserved 1114112K
  class space    used 1820K, committed 1984K, reserved 1048576K
}

Dll operation events (13 events):
Event: 0.019 Loaded shared library C:\Program Files\Java\jdk-22\bin\java.dll
Event: 0.063 Loaded shared library C:\Program Files\Java\jdk-22\bin\jsvml.dll
Event: 0.197 Loaded shared library C:\Program Files\Java\jdk-22\bin\zip.dll
Event: 0.203 Loaded shared library C:\Program Files\Java\jdk-22\bin\instrument.dll
Event: 0.211 Loaded shared library C:\Program Files\Java\jdk-22\bin\net.dll
Event: 0.213 Loaded shared library C:\Program Files\Java\jdk-22\bin\nio.dll
Event: 0.221 Loaded shared library C:\Program Files\Java\jdk-22\bin\zip.dll
Event: 0.368 Loaded shared library D:\download\IntelliJ IDEA Community Edition 2024.1.4\bin\breakgen64.dll
Event: 0.390 Loaded shared library C:\Program Files\Java\jdk-22\bin\extnet.dll
Event: 0.434 Loaded shared library C:\Program Files\Java\jdk-22\bin\jimage.dll
Event: 0.770 Loaded shared library C:\Program Files\Java\jdk-22\bin\management.dll
Event: 0.777 Loaded shared library C:\Program Files\Java\jdk-22\bin\management_ext.dll
Event: 1.498 Loaded shared library C:\Program Files\Java\jdk-22\bin\le.dll

Deoptimization events (20 events):
Event: 2.060 Thread 0x000001ebc5ee16f0 Uncommon trap: trap_request=0xffffff45 fr.pc=0x000001ebe0a47ffc relative=0x000000000000049c
Event: 2.060 Thread 0x000001ebc5ee16f0 Uncommon trap: reason=unstable_if action=reinterpret pc=0x000001ebe0a47ffc method=java.lang.StringLatin1.canEncode(C)Z @ 4 c2
Event: 2.061 Thread 0x000001ebc5ee16f0 DEOPT PACKING pc=0x000001ebe0a47ffc sp=0x0000008b06afd890
Event: 2.061 Thread 0x000001ebc5ee16f0 DEOPT UNPACKING pc=0x000001ebe04e46a2 sp=0x0000008b06afd7c0 mode 2
Event: 2.061 Thread 0x000001ebc5ee16f0 Uncommon trap: trap_request=0xffffff45 fr.pc=0x000001ebe0a4bed0 relative=0x0000000000000470
Event: 2.061 Thread 0x000001ebc5ee16f0 Uncommon trap: reason=unstable_if action=reinterpret pc=0x000001ebe0a4bed0 method=java.lang.AbstractStringBuilder.isLatin1()Z @ 10 c2
Event: 2.061 Thread 0x000001ebc5ee16f0 DEOPT PACKING pc=0x000001ebe0a4bed0 sp=0x0000008b06afd8a0
Event: 2.061 Thread 0x000001ebc5ee16f0 DEOPT UNPACKING pc=0x000001ebe04e46a2 sp=0x0000008b06afd830 mode 2
Event: 2.061 Thread 0x000001ebc5ee16f0 Uncommon trap: trap_request=0xffffff45 fr.pc=0x000001ebe0aa98ec relative=0x000000000000006c
Event: 2.061 Thread 0x000001ebc5ee16f0 Uncommon trap: reason=unstable_if action=reinterpret pc=0x000001ebe0aa98ec method=java.lang.AbstractStringBuilder.isLatin1()Z @ 10 c2
Event: 2.061 Thread 0x000001ebc5ee16f0 DEOPT PACKING pc=0x000001ebe0aa98ec sp=0x0000008b06afd8a0
Event: 2.061 Thread 0x000001ebc5a05020 Uncommon trap: trap_request=0xffffff45 fr.pc=0x000001ebe0ac3890 relative=0x00000000000000f0
Event: 2.061 Thread 0x000001ebc5ee16f0 DEOPT UNPACKING pc=0x000001ebe04e46a2 sp=0x0000008b06afd830 mode 2
Event: 2.061 Thread 0x000001ebc5a05020 Uncommon trap: reason=unstable_if action=reinterpret pc=0x000001ebe0ac3890 method=java.util.Arrays.equals([Ljava/lang/Object;[Ljava/lang/Object;)Z @ 44 c2
Event: 2.061 Thread 0x000001ebc5a05020 DEOPT PACKING pc=0x000001ebe0ac3890 sp=0x0000008b064fd2c0
Event: 2.061 Thread 0x000001ebc5a05020 DEOPT UNPACKING pc=0x000001ebe04e46a2 sp=0x0000008b064fd260 mode 2
Event: 2.063 Thread 0x000001ebc5ee16f0 Uncommon trap: trap_request=0xffffff45 fr.pc=0x000001ebe0a970d4 relative=0x0000000000000054
Event: 2.063 Thread 0x000001ebc5ee16f0 Uncommon trap: reason=unstable_if action=reinterpret pc=0x000001ebe0a970d4 method=java.lang.CharacterData.of(I)Ljava/lang/CharacterData; @ 4 c2
Event: 2.063 Thread 0x000001ebc5ee16f0 DEOPT PACKING pc=0x000001ebe0a970d4 sp=0x0000008b06afd040
Event: 2.063 Thread 0x000001ebc5ee16f0 DEOPT UNPACKING pc=0x000001ebe04e46a2 sp=0x0000008b06afcfd8 mode 2

Classes loaded (20 events):
Event: 2.008 Loading class java/util/concurrent/ConcurrentLinkedQueue
Event: 2.008 Loading class java/util/concurrent/ConcurrentLinkedQueue done
Event: 2.009 Loading class java/util/concurrent/ConcurrentLinkedQueue$Node
Event: 2.009 Loading class java/util/concurrent/ConcurrentLinkedQueue$Node done
Event: 2.009 Loading class sun/nio/ch/IOStatus
Event: 2.009 Loading class sun/nio/ch/IOStatus done
Event: 2.010 Loading class java/util/concurrent/atomic/AtomicLongArray
Event: 2.010 Loading class java/util/concurrent/atomic/AtomicLongArray done
Event: 2.010 Loading class java/lang/invoke/VarHandleLongs$Array
Event: 2.010 Loading class java/lang/invoke/VarHandleLongs$Array done
Event: 2.010 Loading class java/util/concurrent/atomic/AtomicReferenceArray
Event: 2.011 Loading class java/util/concurrent/atomic/AtomicReferenceArray done
Event: 2.011 Loading class java/lang/invoke/VarHandleReferences$Array
Event: 2.011 Loading class java/lang/invoke/VarHandleReferences$Array done
Event: 2.058 Loading class sun/text/resources/cldr/FormatData_en
Event: 2.058 Loading class sun/text/resources/cldr/FormatData_en done
Event: 2.058 Loading class sun/text/resources/cldr/FormatData_en_US
Event: 2.058 Loading class sun/text/resources/cldr/FormatData_en_US done
Event: 2.088 Loading class java/io/CharArrayReader
Event: 2.088 Loading class java/io/CharArrayReader done

Classes unloaded (0 events):
No events

Classes redefined (0 events):
No events

Internal exceptions (20 events):
Event: 1.248 Thread 0x000001ebc5a05020 Exception <a 'java/lang/NoSuchMethodError'{0x00000007197fa590}: 'java.lang.Object java.lang.invoke.Invokers$Holder.linkToTargetMethod(java.lang.Object, java.lang.Object, int, java.lang.Object, java.lang.Object)'> (0x00000007197fa590) 
thrown [s\open\src\hotspot\share\interpreter\linkResolver.cpp, line 774]
Event: 1.250 Thread 0x000001ebc5a05020 Exception <a 'java/lang/NoSuchMethodError'{0x0000000719408c38}: 'java.lang.Object java.lang.invoke.DirectMethodHandle$Holder.newInvokeSpecial(java.lang.Object, int, java.lang.Object)'> (0x0000000719408c38) 
thrown [s\open\src\hotspot\share\interpreter\linkResolver.cpp, line 774]
Event: 1.250 Thread 0x000001ebc5a05020 Exception <a 'java/lang/NoSuchMethodError'{0x000000071940d7a8}: 'int java.lang.invoke.DirectMethodHandle$Holder.invokeSpecialIFC(java.lang.Object, java.lang.Object, java.lang.Object, java.lang.Object)'> (0x000000071940d7a8) 
thrown [s\open\src\hotspot\share\interpreter\linkResolver.cpp, line 774]
Event: 1.278 Thread 0x000001ebc5a05020 Exception <a 'java/lang/NoSuchMethodError'{0x00000007194de2b8}: 'void java.lang.invoke.DirectMethodHandle$Holder.invokeInterface(java.lang.Object, java.lang.Object, java.lang.Object)'> (0x00000007194de2b8) 
thrown [s\open\src\hotspot\share\interpreter\linkResolver.cpp, line 774]
Event: 1.302 Thread 0x000001ebc5a05020 Exception <a 'java/lang/NoSuchMethodError'{0x000000071957d598}: 'void java.lang.invoke.DirectMethodHandle$Holder.invokeStaticInit(java.lang.Object, java.lang.Object, java.lang.Object)'> (0x000000071957d598) 
thrown [s\open\src\hotspot\share\interpreter\linkResolver.cpp, line 774]
Event: 1.309 Thread 0x000001ebc5a05020 Exception <a 'java/lang/NoSuchMethodError'{0x00000007195c61b0}: 'java.lang.Object java.lang.invoke.DirectMethodHandle$Holder.invokeVirtual(java.lang.Object, java.lang.Object, java.lang.Object)'> (0x00000007195c61b0) 
thrown [s\open\src\hotspot\share\interpreter\linkResolver.cpp, line 774]
Event: 1.333 Thread 0x000001ebc5a05020 Exception <a 'java/lang/NoSuchMethodError'{0x000000071924f2d0}: 'void java.lang.invoke.DirectMethodHandle$Holder.invokeVirtual(java.lang.Object, java.lang.Object, java.lang.Object, java.lang.Object)'> (0x000000071924f2d0) 
thrown [s\open\src\hotspot\share\interpreter\linkResolver.cpp, line 774]
Event: 1.440 Thread 0x000001ebc5a05020 Exception <a 'java/lang/NoSuchMethodError'{0x000000071915f480}: 'java.lang.reflect.Field[] java.lang.Class.getDeclaredFields(java.lang.Class)'> (0x000000071915f480) 
thrown [s\open\src\hotspot\share\interpreter\linkResolver.cpp, line 774]
Event: 1.441 Thread 0x000001ebc5a05020 Exception <a 'java/lang/NoSuchMethodError'{0x00000007191a71c8}: 'java.lang.Object java.lang.invoke.DirectMethodHandle$Holder.invokeStatic(java.lang.Object, java.lang.Object, int)'> (0x00000007191a71c8) 
thrown [s\open\src\hotspot\share\interpreter\linkResolver.cpp, line 774]
Event: 1.442 Thread 0x000001ebc5a05020 Exception <a 'java/lang/NoSuchMethodError'{0x00000007191b25e8}: 'void java.lang.invoke.DelegatingMethodHandle$Holder.delegate(java.lang.Object, java.lang.Object, int, java.lang.Object)'> (0x00000007191b25e8) 
thrown [s\open\src\hotspot\share\interpreter\linkResolver.cpp, line 774]
Event: 1.460 Thread 0x000001ebc5a05020 Exception <a 'java/lang/IncompatibleClassChangeError'{0x0000000718ebc870}: Found class java.lang.Object, but interface was expected> (0x0000000718ebc870) 
thrown [s\open\src\hotspot\share\interpreter\linkResolver.cpp, line 841]
Event: 1.469 Thread 0x000001ebc5a05020 Exception <a 'java/lang/NoSuchMethodError'{0x0000000718f20df8}: 'java.lang.Object java.lang.invoke.DirectMethodHandle$Holder.invokeStaticInit(java.lang.Object, int)'> (0x0000000718f20df8) 
thrown [s\open\src\hotspot\share\interpreter\linkResolver.cpp, line 774]
Event: 1.472 Thread 0x000001ebc5a05020 Exception <a 'java/lang/NoSuchMethodError'{0x0000000718f2b160}: 'java.lang.Object java.lang.invoke.DirectMethodHandle$Holder.invokeStatic(java.lang.Object, int, java.lang.Object)'> (0x0000000718f2b160) 
thrown [s\open\src\hotspot\share\interpreter\linkResolver.cpp, line 774]
Event: 1.473 Thread 0x000001ebc5a05020 Exception <a 'java/lang/NoSuchMethodError'{0x0000000718f2e7e0}: 'java.lang.Object java.lang.invoke.DirectMethodHandle$Holder.invokeStaticInit(java.lang.Object, int, java.lang.Object)'> (0x0000000718f2e7e0) 
thrown [s\open\src\hotspot\share\interpreter\linkResolver.cpp, line 774]
Event: 1.491 Thread 0x000001ebc5a05020 Exception <a 'sun/nio/fs/WindowsException'{0x0000000718f787f0}> (0x0000000718f787f0) 
thrown [s\open\src\hotspot\share\prims\jni.cpp, line 520]
Event: 1.501 Thread 0x000001ebc5a05020 Exception <a 'jdk/internal/org/jline/terminal/impl/jna/LastErrorException'{0x0000000718f84e90}> (0x0000000718f84e90) 
thrown [s\open\src\hotspot\share\prims\jni.cpp, line 520]
Event: 1.501 Thread 0x000001ebc5a05020 Exception <a 'jdk/internal/org/jline/terminal/impl/jna/LastErrorException'{0x0000000718f85550}> (0x0000000718f85550) 
thrown [s\open\src\hotspot\share\prims\jni.cpp, line 520]
Event: 1.501 Thread 0x000001ebc5a05020 Exception <a 'jdk/internal/org/jline/terminal/impl/jna/LastErrorException'{0x0000000718f85bc0}> (0x0000000718f85bc0) 
thrown [s\open\src\hotspot\share\prims\jni.cpp, line 520]
Event: 1.967 Thread 0x000001ebc5a05020 Exception <a 'java/lang/NoSuchMethodError'{0x000000071964e8b0}: 'int java.lang.invoke.DirectMethodHandle$Holder.invokeSpecial(java.lang.Object, java.lang.Object, java.lang.Object, java.lang.Object, java.lang.Object)'> (0x000000071964e8b0) 
thrown [s\open\src\hotspot\share\interpreter\linkResolver.cpp, line 774]
Event: 1.971 Thread 0x000001ebc5a05020 Exception <a 'java/lang/NoSuchMethodError'{0x0000000719656e80}: 'void java.lang.invoke.DirectMethodHandle$Holder.invokeVirtual(java.lang.Object, java.lang.Object)'> (0x0000000719656e80) 
thrown [s\open\src\hotspot\share\interpreter\linkResolver.cpp, line 774]

ZGC Phase Switch (0 events):
No events

VM Operations (20 events):
Event: 1.397 Executing VM operation: HandshakeAllThreads (Deoptimize)
Event: 1.397 Executing VM operation: HandshakeAllThreads (Deoptimize) done
Event: 1.402 Executing VM operation: ICBufferFull
Event: 1.402 Executing VM operation: ICBufferFull done
Event: 1.403 Executing VM operation: HandshakeAllThreads (Deoptimize)
Event: 1.403 Executing VM operation: HandshakeAllThreads (Deoptimize) done
Event: 1.403 Executing VM operation: HandshakeAllThreads (Deoptimize)
Event: 1.403 Executing VM operation: HandshakeAllThreads (Deoptimize) done
Event: 1.441 Executing VM operation: HandshakeAllThreads (Deoptimize)
Event: 1.441 Executing VM operation: HandshakeAllThreads (Deoptimize) done
Event: 1.777 Executing VM operation: ICBufferFull
Event: 1.777 Executing VM operation: ICBufferFull done
Event: 1.790 Executing VM operation: G1CollectForAllocation (G1 Evacuation Pause)
Event: 1.796 Executing VM operation: G1CollectForAllocation (G1 Evacuation Pause) done
Event: 1.866 Executing VM operation: HandshakeAllThreads (Deoptimize)
Event: 1.866 Executing VM operation: HandshakeAllThreads (Deoptimize) done
Event: 1.934 Executing VM operation: HandshakeAllThreads (Deoptimize)
Event: 1.934 Executing VM operation: HandshakeAllThreads (Deoptimize) done
Event: 2.064 Executing VM operation: HandshakeAllThreads (Deoptimize)
Event: 2.064 Executing VM operation: HandshakeAllThreads (Deoptimize) done

Memory protections (0 events):
No events

Nmethod flushes (0 events):
No events

Events (17 events):
Event: 0.041 Thread 0x000001ebd0c159b0 Thread added: 0x000001ebd0c159b0
Event: 0.060 Thread 0x000001ebd0c159b0 Thread added: 0x000001ebefde7df0
Event: 0.060 Thread 0x000001ebd0c159b0 Thread added: 0x000001ebefde8b10
Event: 0.060 Thread 0x000001ebd0c159b0 Thread added: 0x000001ebefdeb830
Event: 0.060 Thread 0x000001ebd0c159b0 Thread added: 0x000001ebefdec5f0
Event: 0.060 Thread 0x000001ebd0c159b0 Thread added: 0x000001ebefded050
Event: 0.061 Thread 0x000001ebd0c159b0 Thread added: 0x000001ebefdedab0
Event: 0.061 Thread 0x000001ebd0c159b0 Thread added: 0x000001ebefe002a0
Event: 0.061 Thread 0x000001ebd0c159b0 Thread added: 0x000001ebefe04040
Event: 0.170 Thread 0x000001ebd0c159b0 Thread added: 0x000001ebefdb2f40
Event: 0.254 Thread 0x000001ebefe002a0 Thread added: 0x000001ebefe06250
Event: 0.369 Thread 0x000001ebd0c159b0 Thread added: 0x000001ebc5677160
Event: 0.369 Thread 0x000001ebd0c159b0 Thread added: 0x000001ebc561e820
Event: 0.837 Thread 0x000001ebd0c159b0 Thread added: 0x000001ebc5a04690
Event: 0.846 Thread 0x000001ebc5a04690 Thread added: 0x000001ebc5a05020
Event: 1.434 Thread 0x000001ebc5a05020 Thread added: 0x000001ebc5ee16f0
Event: 1.582 Thread 0x000001ebefe002a0 Thread added: 0x000001ebefe076c0


Dynamic libraries:
0x00007ff61cd80000 - 0x00007ff61cd90000 	C:\Program Files\Java\jdk-22\bin\java.exe
0x00007ffc40e50000 - 0x00007ffc41067000 	C:\WINDOWS\SYSTEM32\ntdll.dll
0x00007ffc407b0000 - 0x00007ffc40874000 	C:\WINDOWS\System32\KERNEL32.DLL
0x00007ffc3e4c0000 - 0x00007ffc3e893000 	C:\WINDOWS\System32\KERNELBASE.dll
0x00007ffc3e1c0000 - 0x00007ffc3e2d1000 	C:\WINDOWS\System32\ucrtbase.dll
0x00007ffc39660000 - 0x00007ffc39677000 	C:\Program Files\Java\jdk-22\bin\jli.dll
0x00007ffc39680000 - 0x00007ffc3969b000 	C:\Program Files\Java\jdk-22\bin\VCRUNTIME140.dll
0x00007ffc405f0000 - 0x00007ffc407a1000 	C:\WINDOWS\System32\USER32.dll
0x00007ffc3eac0000 - 0x00007ffc3eae6000 	C:\WINDOWS\System32\win32u.dll
0x00007ffc24460000 - 0x00007ffc246f8000 	C:\WINDOWS\WinSxS\amd64_microsoft.windows.common-controls_6595b64144ccf1df_6.0.22621.5124_none_270e8f4f7386d69d\COMCTL32.dll
0x00007ffc3ecf0000 - 0x00007ffc3ed19000 	C:\WINDOWS\System32\GDI32.dll
0x00007ffc3ed70000 - 0x00007ffc3ee17000 	C:\WINDOWS\System32\msvcrt.dll
0x00007ffc3e8a0000 - 0x00007ffc3e9bb000 	C:\WINDOWS\System32\gdi32full.dll
0x00007ffc3e420000 - 0x00007ffc3e4ba000 	C:\WINDOWS\System32\msvcp_win.dll
0x00007ffc3ee20000 - 0x00007ffc3ee51000 	C:\WINDOWS\System32\IMM32.DLL
0x00007ffc34ca0000 - 0x00007ffc34cac000 	C:\Program Files\Java\jdk-22\bin\vcruntime140_1.dll
0x00007ffc24f80000 - 0x00007ffc2500e000 	C:\Program Files\Java\jdk-22\bin\msvcp140.dll
0x00007ffba1910000 - 0x00007ffba2659000 	C:\Program Files\Java\jdk-22\bin\server\jvm.dll
0x00007ffc3eb00000 - 0x00007ffc3ebb1000 	C:\WINDOWS\System32\ADVAPI32.dll
0x00007ffc40390000 - 0x00007ffc40438000 	C:\WINDOWS\System32\sechost.dll
0x00007ffc3e0d0000 - 0x00007ffc3e0f8000 	C:\WINDOWS\System32\bcrypt.dll
0x00007ffc3f0d0000 - 0x00007ffc3f1e4000 	C:\WINDOWS\System32\RPCRT4.dll
0x00007ffc3f1f0000 - 0x00007ffc3f261000 	C:\WINDOWS\System32\WS2_32.dll
0x00007ffc3dc80000 - 0x00007ffc3dccd000 	C:\WINDOWS\SYSTEM32\POWRPROF.dll
0x00007ffc34230000 - 0x00007ffc3423a000 	C:\WINDOWS\SYSTEM32\VERSION.dll
0x00007ffc38050000 - 0x00007ffc38084000 	C:\WINDOWS\SYSTEM32\WINMM.dll
0x00007ffc3dc30000 - 0x00007ffc3dc43000 	C:\WINDOWS\SYSTEM32\UMPDC.dll
0x00007ffc3cef0000 - 0x00007ffc3cf08000 	C:\WINDOWS\SYSTEM32\kernel.appcore.dll
0x00007ffc266e0000 - 0x00007ffc266ea000 	C:\Program Files\Java\jdk-22\bin\jimage.dll
0x00007ffc3b580000 - 0x00007ffc3b7b2000 	C:\WINDOWS\SYSTEM32\DBGHELP.DLL
0x00007ffc40a70000 - 0x00007ffc40e02000 	C:\WINDOWS\System32\combase.dll
0x00007ffc3f480000 - 0x00007ffc3f557000 	C:\WINDOWS\System32\OLEAUT32.dll
0x00007ffc219a0000 - 0x00007ffc219d2000 	C:\WINDOWS\SYSTEM32\dbgcore.DLL
0x00007ffc3ea40000 - 0x00007ffc3eabb000 	C:\WINDOWS\System32\bcryptPrimitives.dll
0x00007ffc25c20000 - 0x00007ffc25c2f000 	C:\Program Files\Java\jdk-22\bin\instrument.dll
0x00007ffc251f0000 - 0x00007ffc2520e000 	C:\Program Files\Java\jdk-22\bin\java.dll
0x00007ffc3f560000 - 0x00007ffc3fdf6000 	C:\WINDOWS\System32\SHELL32.dll
0x00007ffc3e2e0000 - 0x00007ffc3e41f000 	C:\WINDOWS\System32\wintypes.dll
0x00007ffc40440000 - 0x00007ffc405e1000 	C:\WINDOWS\System32\ole32.dll
0x00007ffc3be30000 - 0x00007ffc3c74a000 	C:\WINDOWS\SYSTEM32\windows.storage.dll
0x00007ffc40280000 - 0x00007ffc4038a000 	C:\WINDOWS\System32\SHCORE.dll
0x00007ffc408a0000 - 0x00007ffc40903000 	C:\WINDOWS\System32\shlwapi.dll
0x00007ffc3de90000 - 0x00007ffc3debb000 	C:\WINDOWS\SYSTEM32\profapi.dll
0x00007ffc21f10000 - 0x00007ffc21fe7000 	C:\Program Files\Java\jdk-22\bin\jsvml.dll
0x00007ffc22060000 - 0x00007ffc22077000 	C:\Program Files\Java\jdk-22\bin\zip.dll
0x00007ffc251e0000 - 0x00007ffc251f0000 	C:\Program Files\Java\jdk-22\bin\net.dll
0x00007ffc3d3c0000 - 0x00007ffc3d42a000 	C:\WINDOWS\system32\mswsock.dll
0x00007ffc251c0000 - 0x00007ffc251d6000 	C:\Program Files\Java\jdk-22\bin\nio.dll
0x00007ffc22040000 - 0x00007ffc2205a000 	D:\download\IntelliJ IDEA Community Edition 2024.1.4\bin\breakgen64.dll
0x00007ffc251b0000 - 0x00007ffc251b9000 	C:\Program Files\Java\jdk-22\bin\extnet.dll
0x00007ffc25130000 - 0x00007ffc2513a000 	C:\Program Files\Java\jdk-22\bin\management.dll
0x00007ffc24700000 - 0x00007ffc2470b000 	C:\Program Files\Java\jdk-22\bin\management_ext.dll
0x00007ffc3ec50000 - 0x00007ffc3ec58000 	C:\WINDOWS\System32\PSAPI.DLL
0x00007ffc22020000 - 0x00007ffc2202b000 	C:\Program Files\Java\jdk-22\bin\le.dll

dbghelp: loaded successfully - version: 4.0.5 - missing functions: none
symbol engine: initialized successfully - sym options: 0x614 - pdb path: .;C:\Program Files\Java\jdk-22\bin;C:\WINDOWS\SYSTEM32;C:\WINDOWS\WinSxS\amd64_microsoft.windows.common-controls_6595b64144ccf1df_6.0.22621.5124_none_270e8f4f7386d69d;C:\Program Files\Java\jdk-22\bin\server;D:\download\IntelliJ IDEA Community Edition 2024.1.4\bin

VM Arguments:
jvm_args: -javaagent:D:\download\IntelliJ IDEA Community Edition 2024.1.4\lib\idea_rt.jar=53001:D:\download\IntelliJ IDEA Community Edition 2024.1.4\bin -Dfile.encoding=UTF-8 -Dsun.stdout.encoding=UTF-8 -Dsun.stderr.encoding=UTF-8 
java_command: com.roommate.expensemanager.ExpensemanagerApplication
java_class_path (initial): D:\VASANTH\Third Year\Sheradil Club\Room_Pal\Backend\SpringBoot\expensemanager\target\classes;C:\Users\Hp\.m2\repository\org\springframework\boot\spring-boot-starter-data-jpa\3.4.4\spring-boot-starter-data-jpa-3.4.4.jar;C:\Users\Hp\.m2\repository\org\springframework\boot\spring-boot-starter\3.4.4\spring-boot-starter-3.4.4.jar;C:\Users\Hp\.m2\repository\org\springframework\boot\spring-boot-starter-logging\3.4.4\spring-boot-starter-logging-3.4.4.jar;C:\Users\Hp\.m2\repository\ch\qos\logback\logback-classic\1.5.18\logback-classic-1.5.18.jar;C:\Users\Hp\.m2\repository\ch\qos\logback\logback-core\1.5.18\logback-core-1.5.18.jar;C:\Users\Hp\.m2\repository\org\apache\logging\log4j\log4j-to-slf4j\2.24.3\log4j-to-slf4j-2.24.3.jar;C:\Users\Hp\.m2\repository\org\apache\logging\log4j\log4j-api\2.24.3\log4j-api-2.24.3.jar;C:\Users\Hp\.m2\repository\org\slf4j\jul-to-slf4j\2.0.17\jul-to-slf4j-2.0.17.jar;C:\Users\Hp\.m2\repository\jakarta\annotation\jakarta.annotation-api\2.1.1\jakarta.annotation-api-2.1.1.jar;C:\Users\Hp\.m2\repository\org\yaml\snakeyaml\2.3\snakeyaml-2.3.jar;C:\Users\Hp\.m2\repository\org\springframework\boot\spring-boot-starter-jdbc\3.4.4\spring-boot-starter-jdbc-3.4.4.jar;C:\Users\Hp\.m2\repository\com\zaxxer\HikariCP\5.1.0\HikariCP-5.1.0.jar;C:\Users\Hp\.m2\repository\org\springframework\spring-jdbc\6.2.5\spring-jdbc-6.2.5.jar;C:\Users\Hp\.m2\repository\org\hibernate\orm\hibernate-core\6.6.11.Final\hibernate-core-6.6.11.Final.jar;C:\Users\Hp\.m2\repository\jakarta\persistence\jakarta.persistence-api\3.1.0\jakarta.persistence-api-3.1.0.jar;C:\Users\Hp\.m2\repository\jakarta\transaction\jakarta.transaction-api\2.0.1\jakarta.transaction-api-2.0.1.jar;C:\Users\Hp\.m2\repository\org\jboss\logging\jboss-logging\3.6.1.Final\jboss-logging-3.6.1.Final.jar;C:\Users\Hp\.m2\repository\org\hibernate\common\hibernate-commons-annotations\7.0.3.Final\hibernate-commons-annotations-7.0.3.Final.jar;C:\Users\Hp\.m2\repository\io\smallrye\jandex\3.2.0\jandex-3.2.0.jar;C:\Users\Hp\.m2\repository\com\fasterxml\classmate\1.7.0\classmate-1.7.0.jar;C:\Users\Hp\.m2\repository\net\bytebuddy\byte-buddy\1.15.11\byte-buddy-1.15.11.jar;C:\Users\Hp\.m2\repository\org\glassfish\jaxb\jaxb-runtime\4.0.5\jaxb-runtime-4.0.5.jar;C:\Users\Hp\.m2\repository\org\glassfish\jaxb\jaxb-core\4.0.5\jaxb-core-4.0.5.jar;C:\Users\Hp\.m2\repository\org\eclipse\angus\angus-activation\2.0.2\angus-activation-2.0.2.jar;C:\Users\Hp\.m2\repository\org\glassfish\jaxb\txw2\4.0.5\txw2-4.0.5.jar;C:\Users\Hp\.m2\repository\com\sun\istack\istack-commons-runtime\4.1.2\istack-commons-runtime-4.1.2.jar;C:\Users\Hp\.m2\repository\jakarta\inject\jakarta.inject-api\2.0.1\jakarta.inject-api-2.0.1.jar;C:\Users\Hp\.m2\repository\org\antlr\antlr4-runtime\4.13.0\antlr4-runtime-4.13.0.jar;C:\Users\Hp\.m2\repository\org\springframework\data\spring-data-jpa\3.4.4\spring-data-jpa-3.4.4.jar;C:\Users\Hp\.m2\repository\org\springframework\data\spring-data-commons\3.4.4\spring-data-commons-3.4.4.jar;C:\Users\Hp\.m2\repository\org\springframework\spring-orm\6.2.5\spring-orm-6.2.5.jar;C:\Users\Hp\.m2\repository\org\springframework\spring-context\6.2.5\spring-context-6.2.5.jar;C:\Users\Hp\.m2\repository\org\springframework\spring-aop\6.2.5\spring-aop-6.2.5.jar;C:\Users\Hp\.m2\repository\org\springframework\spring-tx\6.2.5\spring-tx-6.2.5.jar;C:\Users\Hp\.m2\repository\org\springframework\spring-beans\6.2.5\spring-beans-6.2.5.jar;C:\Users\Hp\.m2\repository\org\slf4j\slf4j-api\2.0.17\slf4j-api-2.0.17.jar;C:\Users\Hp\.m2\repository\org\springframework\spring-aspects\6.2.5\spring-aspects-6.2.5.jar;C:\Users\Hp\.m2\repository\org\aspectj\aspectjweaver\1.9.23\aspectjweaver-1.9.23.jar;C:\Users\Hp\.m2\repository\org\springframework\boot\spring-boot-starter-web\3.4.4\spring-boot-starter-web-3.4.4.jar;C:\Users\Hp\.m2\repository\org\springframework\boot\spring-boot-starter-json\3.4.4\spring-boot-starter-json-3.4.4.jar;C:\Users\Hp\.m2\repository\com\fasterxml\jackson\datatype\jackson-datatype-jdk8\2.18.3\jackson-datatype-jdk8-2.18.3.jar;C:\Users\Hp\.m2\repository\com\fasterxml\jackson\datatype\jackson-datatype-jsr310\2.18.3\jackson-datatype-jsr310-2.18.3.jar;C:\Users\Hp\.m2\repository\com\fasterxml\jackson\module\jackson-module-parameter-names\2.18.3\jackson-module-parameter-names-2.18.3.jar;C:\Users\Hp\.m2\repository\org\springframework\boot\spring-boot-starter-tomcat\3.4.4\spring-boot-starter-tomcat-3.4.4.jar;C:\Users\Hp\.m2\repository\org\apache\tomcat\embed\tomcat-embed-core\10.1.39\tomcat-embed-core-10.1.39.jar;C:\Users\Hp\.m2\repository\org\apache\tomcat\embed\tomcat-embed-websocket\10.1.39\tomcat-embed-websocket-10.1.39.jar;C:\Users\Hp\.m2\repository\org\springframework\spring-web\6.2.5\spring-web-6.2.5.jar;C:\Users\Hp\.m2\repository\io\micrometer\micrometer-observation\1.14.5\micrometer-observation-1.14.5.jar;C:\Users\Hp\.m2\repository\io\micrometer\micrometer-commons\1.14.5\micrometer-commons-1.14.5.jar;C:\Users\Hp\.m2\repository\org\springframework\spring-webmvc\6.2.5\spring-webmvc-6.2.5.jar;C:\Users\Hp\.m2\repository\org\springframework\spring-expression\6.2.5\spring-expression-6.2.5.jar;C:\Users\Hp\.m2\repository\org\springframework\boot\spring-boot-devtools\3.4.4\spring-boot-devtools-3.4.4.jar;C:\Users\Hp\.m2\repository\org\springframework\boot\spring-boot\3.4.4\spring-boot-3.4.4.jar;C:\Users\Hp\.m2\repository\org\springframework\boot\spring-boot-autoconfigure\3.4.4\spring-boot-autoconfigure-3.4.4.jar;C:\Users\Hp\.m2\repository\org\postgresql\postgresql\42.7.5\postgresql-42.7.5.jar;C:\Users\Hp\.m2\repository\org\checkerframework\checker-qual\3.48.3\checker-qual-3.48.3.jar;C:\Users\Hp\.m2\repository\org\projectlombok\lombok\1.18.36\lombok-1.18.36.jar;C:\Users\Hp\.m2\repository\jakarta\xml\bind\jakarta.xml.bind-api\4.0.2\jakarta.xml.bind-api-4.0.2.jar;C:\Users\Hp\.m2\repository\jakarta\activation\jakarta.activation-api\2.1.3\jakarta.activation-api-2.1.3.jar;C:\Users\Hp\.m2\repository\org\springframework\spring-core\6.2.5\spring-core-6.2.5.jar;C:\Users\Hp\.m2\repository\org\springframework\spring-jcl\6.2.5\spring-jcl-6.2.5.jar;C:\Users\Hp\.m2\repository\org\springframework\boot\spring-boot-starter-validation\3.4.4\spring-boot-starter-validation-3.4.4.jar;C:\Users\Hp\.m2\repository\org\apache\tomcat\embed\tomcat-embed-el\10.1.39\tomcat-embed-el-10.1.39.jar;C:\Users\Hp\.m2\repository\org\hibernate\validator\hibernate-validator\8.0.2.Final\hibernate-validator-8.0.2.Final.jar;C:\Users\Hp\.m2\repository\jakarta\validation\jakarta.validation-api\3.0.2\jakarta.validation-api-3.0.2.jar;C:\Users\Hp\.m2\repository\com\fasterxml\jackson\core\jackson-databind\2.18.3\jackson-databind-2.18.3.jar;C:\Users\Hp\.m2\repository\com\fasterxml\jackson\core\jackson-annotations\2.18.3\jackson-annotations-2.18.3.jar;C:\Users\Hp\.m2\repository\com\fasterxml\jackson\core\jackson-core\2.18.3\jackson-core-2.18.3.jar
Launcher Type: SUN_STANDARD

[Global flags]
     intx CICompilerCount                          = 4                                         {product} {ergonomic}
     uint ConcGCThreads                            = 3                                         {product} {ergonomic}
     uint G1ConcRefinementThreads                  = 10                                        {product} {ergonomic}
   size_t G1HeapRegionSize                         = 2097152                                   {product} {ergonomic}
   size_t InitialHeapSize                          = 257949696                                 {product} {ergonomic}
   size_t MarkStackSize                            = 4194304                                   {product} {ergonomic}
   size_t MaxHeapSize                              = 4116709376                                {product} {ergonomic}
   size_t MaxNewSize                               = 2468347904                                {product} {ergonomic}
   size_t MinHeapDeltaBytes                        = 2097152                                   {product} {ergonomic}
   size_t MinHeapSize                              = 8388608                                   {product} {ergonomic}
    uintx NonNMethodCodeHeapSize                   = 5839372                                {pd product} {ergonomic}
    uintx NonProfiledCodeHeapSize                  = 122909434                              {pd product} {ergonomic}
    uintx ProfiledCodeHeapSize                     = 122909434                              {pd product} {ergonomic}
    uintx ReservedCodeCacheSize                    = 251658240                              {pd product} {ergonomic}
     bool SegmentedCodeCache                       = true                                      {product} {ergonomic}
   size_t SoftMaxHeapSize                          = 4116709376                             {manageable} {ergonomic}
     bool UseCompressedOops                        = true                           {product lp64_product} {ergonomic}
     bool UseG1GC                                  = true                                      {product} {ergonomic}
     bool UseLargePagesIndividualAllocation        = false                                  {pd product} {ergonomic}

Logging:
Log output configuration:
 #0: stdout all=warning uptime,level,tags foldmultilines=false
 #1: stderr all=off uptime,level,tags foldmultilines=false

Environment Variables:
JAVA_HOME=C:\Users\Hp\AppData\Local\Programs\Eclipse Adoptium\jdk-17.0.8.101-hotspot\
PATH=C:\Program Files\Common Files\Oracle\Java\javapath;C:\WINDOWS\system32;C:\WINDOWS;C:\WINDOWS\System32\Wbem;C:\WINDOWS\System32\WindowsPowerShell\v1.0\;C:\WINDOWS\System32\OpenSSH\;C:\Program Files\dotnet\;C:\Program Files\Git\cmd;D:\matlab\bin;C:\Program Files\nodejs\;C:\Users\Hp\AppData\Local\Programs\Python\Launcher\;C:\Program Files\MySQL\MySQL Shell 8.0\bin\;C:\Users\Hp\AppData\Local\Programs\Eclipse Adoptium\jdk-17.0.8.101-hotspot\bin;C:\Users\Hp\AppData\Local\Microsoft\WindowsApps;C:\Users\Hp\AppData\Local\Programs\Microsoft VS Code\bin;C:\Users\Hp\.dotnet\tools;D:\download\heroku\bin;C:\Users\Hp\AppData\Roaming\npm
USERNAME=Hp
OS=Windows_NT
PROCESSOR_IDENTIFIER=AMD64 Family 23 Model 96 Stepping 1, AuthenticAMD
TMP=C:\Users\Hp\AppData\Local\Temp
TEMP=C:\Users\Hp\AppData\Local\Temp




Periodic native trim disabled

---------------  S Y S T E M  ---------------

OS:
 Windows 11 , 64 bit Build 22621 (10.0.22621.5124)
OS uptime: 0 days 1:19 hours
Hyper-V role detected

CPU: total 12 (initial active 12) (12 cores per cpu, 2 threads per core) family 23 model 96 stepping 1 microcode 0x0, cx8, cmov, fxsr, ht, mmx, 3dnowpref, sse, sse2, sse3, ssse3, sse4a, sse4.1, sse4.2, popcnt, lzcnt, tsc, tscinvbit, avx, avx2, aes, clmul, bmi1, bmi2, adx, sha, fma, vzeroupper, clflush, clflushopt, hv, rdtscp, rdpid, f16c
Processor Information for all 12 processors :
  Max Mhz: 2100, Current Mhz: 2100, Mhz Limit: 2100

Memory: 4k page, system-wide physical 15697M (1947M free)
TotalPageFile size 22360M (AvailPageFile size 5M)
current process WorkingSet (physical memory assigned to process): 158M, peak: 158M
current process commit charge ("private bytes"): 406M, peak: 408M

vm_info: Java HotSpot(TM) 64-Bit Server VM (22.0.2+9-70) for windows-amd64 JRE (22.0.2+9-70), built on 2024-06-04T16:52:23Z by "mach5one" with MS VC++ 17.6 (VS2022)

END.
